c:\users\eduard\google drive\projects - hall of fame\stock manager\stock manager\release\vc140.pdb
c:\users\eduard\google drive\projects - hall of fame\stock manager\stock manager\release\scan_date.obj
c:\users\eduard\google drive\projects - hall of fame\stock manager\stock manager\release\sui.obj
c:\users\eduard\google drive\projects - hall of fame\stock manager\stock manager\release\scan_unsint.obj
c:\users\eduard\google drive\projects - hall of fame\stock manager\stock manager\release\scan_str.obj
c:\users\eduard\google drive\projects - hall of fame\stock manager\stock manager\release\scan_real.obj
c:\users\eduard\google drive\projects - hall of fame\stock manager\stock manager\release\scan_int.obj
c:\users\eduard\google drive\projects - hall of fame\stock manager\stock manager\release\scan_arrow.obj
c:\users\eduard\google drive\projects - hall of fame\stock manager\stock manager\release\msg.obj
c:\users\eduard\google drive\projects - hall of fame\stock manager\stock manager\release\main.obj
c:\users\eduard\google drive\projects - hall of fame\stock manager\stock manager\release\interface.obj
c:\users\eduard\google drive\projects - hall of fame\stock manager\stock manager\release\globals.obj
c:\users\eduard\google drive\projects - hall of fame\stock manager\stock manager\release\digit.obj
c:\users\eduard\google drive\projects - hall of fame\stock manager\stock manager\release\functions.obj
c:\users\eduard\google drive\projects - hall of fame\stock manager\stock manager\release\cons.obj
c:\users\eduard\google drive\projects - hall of fame\stock manager\release\stock manager.exe
c:\users\eduard\google drive\projects - hall of fame\stock manager\release\stock manager.ipdb
c:\users\eduard\google drive\projects - hall of fame\stock manager\release\stock manager.iobj
c:\users\eduard\google drive\projects - hall of fame\stock manager\release\stock manager.pdb
c:\users\eduard\google drive\projects - hall of fame\stock manager\stock manager\release\stock manager.tlog\cl.command.1.tlog
c:\users\eduard\google drive\projects - hall of fame\stock manager\stock manager\release\stock manager.tlog\cl.read.1.tlog
c:\users\eduard\google drive\projects - hall of fame\stock manager\stock manager\release\stock manager.tlog\cl.write.1.tlog
c:\users\eduard\google drive\projects - hall of fame\stock manager\stock manager\release\stock manager.tlog\link.command.1.tlog
c:\users\eduard\google drive\projects - hall of fame\stock manager\stock manager\release\stock manager.tlog\link.read.1.tlog
c:\users\eduard\google drive\projects - hall of fame\stock manager\stock manager\release\stock manager.tlog\link.write.1.tlog
