c:\users\eduard\google drive\projects - hall of fame\stock manager\stock manager\debug\vc140.pdb
c:\users\eduard\google drive\projects - hall of fame\stock manager\stock manager\debug\vc140.idb
c:\users\eduard\google drive\projects - hall of fame\stock manager\stock manager\debug\cons.obj
c:\users\eduard\google drive\projects - hall of fame\stock manager\stock manager\debug\functions.obj
c:\users\eduard\google drive\projects - hall of fame\stock manager\stock manager\debug\digit.obj
c:\users\eduard\google drive\projects - hall of fame\stock manager\stock manager\debug\globals.obj
c:\users\eduard\google drive\projects - hall of fame\stock manager\stock manager\debug\interface.obj
c:\users\eduard\google drive\projects - hall of fame\stock manager\stock manager\debug\main.obj
c:\users\eduard\google drive\projects - hall of fame\stock manager\stock manager\debug\msg.obj
c:\users\eduard\google drive\projects - hall of fame\stock manager\stock manager\debug\scan_arrow.obj
c:\users\eduard\google drive\projects - hall of fame\stock manager\stock manager\debug\scan_int.obj
c:\users\eduard\google drive\projects - hall of fame\stock manager\stock manager\debug\scan_real.obj
c:\users\eduard\google drive\projects - hall of fame\stock manager\stock manager\debug\scan_str.obj
c:\users\eduard\google drive\projects - hall of fame\stock manager\stock manager\debug\scan_unsint.obj
c:\users\eduard\google drive\projects - hall of fame\stock manager\stock manager\debug\scan_date.obj
c:\users\eduard\google drive\projects - hall of fame\stock manager\stock manager\stock manager\debug\vc140.pdb
c:\users\eduard\google drive\projects - hall of fame\stock manager\stock manager\stock manager\debug\vc140.idb
c:\users\eduard\google drive\projects - hall of fame\stock manager\stock manager\stock manager\debug\cons.obj
c:\users\eduard\google drive\projects - hall of fame\stock manager\stock manager\stock manager\debug\functions.obj
c:\users\eduard\google drive\projects - hall of fame\stock manager\stock manager\stock manager\debug\digit.obj
c:\users\eduard\google drive\projects - hall of fame\stock manager\stock manager\stock manager\debug\globals.obj
c:\users\eduard\google drive\projects - hall of fame\stock manager\stock manager\stock manager\debug\interface.obj
c:\users\eduard\google drive\projects - hall of fame\stock manager\stock manager\stock manager\debug\main.obj
c:\users\eduard\google drive\projects - hall of fame\stock manager\stock manager\stock manager\debug\msg.obj
c:\users\eduard\google drive\projects - hall of fame\stock manager\stock manager\stock manager\debug\scan_arrow.obj
c:\users\eduard\google drive\projects - hall of fame\stock manager\stock manager\stock manager\debug\scan_int.obj
c:\users\eduard\google drive\projects - hall of fame\stock manager\stock manager\stock manager\debug\scan_real.obj
c:\users\eduard\google drive\projects - hall of fame\stock manager\stock manager\stock manager\debug\scan_str.obj
c:\users\eduard\google drive\projects - hall of fame\stock manager\stock manager\stock manager\debug\scan_unsint.obj
c:\users\eduard\google drive\projects - hall of fame\stock manager\stock manager\stock manager\debug\scan_date.obj
c:\users\eduard\google drive\projects - hall of fame\stock manager\debug\stock manager.ilk
c:\users\eduard\google drive\projects - hall of fame\stock manager\debug\stock manager.exe
c:\users\eduard\google drive\projects - hall of fame\stock manager\debug\stock manager.pdb
c:\users\eduard\google drive\projects - hall of fame\stock manager\stock manager\debug\stock manager.ilk
c:\users\eduard\google drive\projects - hall of fame\stock manager\stock manager\debug\stock manager.exe
c:\users\eduard\google drive\projects - hall of fame\stock manager\stock manager\debug\stock manager.pdb
c:\users\eduard\google drive\projects - hall of fame\stock manager\stock manager\stock manager\debug\sui.obj
c:\users\eduard\google drive\projects - hall of fame\stock manager\stock manager\stock manager\debug\stock manager.tlog\cl.command.1.tlog
c:\users\eduard\google drive\projects - hall of fame\stock manager\stock manager\stock manager\debug\stock manager.tlog\cl.read.1.tlog
c:\users\eduard\google drive\projects - hall of fame\stock manager\stock manager\stock manager\debug\stock manager.tlog\cl.write.1.tlog
c:\users\eduard\google drive\projects - hall of fame\stock manager\stock manager\stock manager\debug\stock manager.tlog\link.command.1.tlog
c:\users\eduard\google drive\projects - hall of fame\stock manager\stock manager\stock manager\debug\stock manager.tlog\link.read.1.tlog
c:\users\eduard\google drive\projects - hall of fame\stock manager\stock manager\stock manager\debug\stock manager.tlog\link.write.1.tlog
